Arguments: 
  C:\nodejs\node.exe C:\nodejs\node_modules\yarn\bin\yarn.js init Y

PATH: 
  D:\software\;C:\Windows\system32;C:\Windows;C:\Windows\System32\Wbem;C:\Windows\System32\WindowsPowerShell\v1.0\;C:\Windows\System32\OpenSSH\;C:\Program Files (x86)\NVIDIA Corporation\PhysX\Common;C:\Program Files\NVIDIA Corporation\NVIDIA NvDLISR;C:\dev\nvm;C:\nodejs;C:\Program Files\Git\cmd;D:\software\xshell7\;C:\WINDOWS\system32;C:\WINDOWS;C:\WINDOWS\System32\Wbem;C:\WINDOWS\System32\WindowsPowerShell\v1.0\;C:\WINDOWS\System32\OpenSSH\;C:\Users\lesson\AppData\Local\Microsoft\WindowsApps;C:\dev\nvm;C:\nodejs;D:\software\WebStorm 2020.3\bin;;D:\software\bandzip\;D:\software\Microsoft VS Code\bin;D:\software\cmder;

Yarn version: 
  1.22.10

Node version: 
  10.13.0

Platform: 
  win32 x64

Trace: 
  Error: canceled
      at Interface.<anonymous> (C:\dev\nvm\v10.13.0\node_modules\yarn\lib\cli.js:136216:13)
      at Interface.emit (events.js:182:13)
      at Interface._ttyWrite (readline.js:783:16)
      at ReadStream.onkeypress (readline.js:168:10)
      at ReadStream.emit (events.js:182:13)
      at emitKeys (internal/readline.js:424:14)
      at emitKeys.next (<anonymous>)
      at ReadStream.onData (readline.js:1022:36)
      at ReadStream.emit (events.js:182:13)
      at addChunk (_stream_readable.js:283:12)

npm manifest: 
  No manifest

yarn manifest: 
  No manifest

Lockfile: 
  No lockfile
